# JRE version: Java(TM) SE Runtime Environment (7.0_45-b18) (build 1.7.0_45-b18)
# Java VM: Java HotSpot(TM) 64-Bit Server VM (24.45-b08 mixed mode bsd-amd64 compressed oops)
Heap
 PSYoungGen      total 16384K, used 2914K [0x00000007faa80000, 0x00000007fbb80000, 0x0000000800000000)
  eden space 15872K, 17% used [0x00000007faa80000,0x00000007fad48a30,0x00000007fba00000)
  from space 512K, 12% used [0x00000007fbb00000,0x00000007fbb10000,0x00000007fbb80000)
  to   space 512K, 0% used [0x00000007fba80000,0x00000007fba80000,0x00000007fbb00000)
 ParOldGen       total 43520K, used 18299K [0x00000007f0000000, 0x00000007f2a80000, 0x00000007faa80000)
  object space 43520K, 42% used [0x00000007f0000000,0x00000007f11dec18,0x00000007f2a80000)
 PSPermGen       total 21504K, used 18950K [0x00000007eae00000, 0x00000007ec300000, 0x00000007f0000000)
  object space 21504K, 88% used [0x00000007eae00000,0x00000007ec081b38,0x00000007ec300000)
GC Heap History (10 events):
Event: 2813.478 GC heap before
{Heap before GC invocations=304 (full 0):
 PSYoungGen      total 16384K, used 15936K [0x00000007faa80000, 0x00000007fbb80000, 0x0000000800000000)
  eden space 15872K, 100% used [0x00000007faa80000,0x00000007fba00000,0x00000007fba00000)
  from space 512K, 12% used [0x00000007fba80000,0x00000007fba90000,0x00000007fbb00000)
  to   space 512K, 0% used [0x00000007fbb00000,0x00000007fbb00000,0x00000007fbb80000)
 ParOldGen       total 43520K, used 18291K [0x00000007f0000000, 0x00000007f2a80000, 0x00000007faa80000)
  object space 43520K, 42% used [0x00000007f0000000,0x00000007f11dcc18,0x00000007f2a80000)
 PSPermGen       total 21504K, used 18950K [0x00000007eae00000, 0x00000007ec300000, 0x00000007f0000000)
  object space 21504K, 88% used [0x00000007eae00000,0x00000007ec081820,0x00000007ec300000)
Event: 2813.479 GC heap after
Heap after GC invocations=304 (full 0):
 PSYoungGen      total 16384K, used 64K [0x00000007faa80000, 0x00000007fbb80000, 0x0000000800000000)
  eden space 15872K, 0% used [0x00000007faa80000,0x00000007faa80000,0x00000007fba00000)
  from space 512K, 12% used [0x00000007fbb00000,0x00000007fbb10000,0x00000007fbb80000)
  to   space 512K, 0% used [0x00000007fba80000,0x00000007fba80000,0x00000007fbb00000)
 ParOldGen       total 43520K, used 18291K [0x00000007f0000000, 0x00000007f2a80000, 0x00000007faa80000)
  object space 43520K, 42% used [0x00000007f0000000,0x00000007f11dcc18,0x00000007f2a80000)
 PSPermGen       total 21504K, used 18950K [0x00000007eae00000, 0x00000007ec300000, 0x00000007f0000000)
  object space 21504K, 88% used [0x00000007eae00000,0x00000007ec081820,0x00000007ec300000)
}
Event: 2813.679 GC heap before
{Heap before GC invocations=305 (full 0):
 PSYoungGen      total 16384K, used 15936K [0x00000007faa80000, 0x00000007fbb80000, 0x0000000800000000)
  eden space 15872K, 100% used [0x00000007faa80000,0x00000007fba00000,0x00000007fba00000)
  from space 512K, 12% used [0x00000007fbb00000,0x00000007fbb10000,0x00000007fbb80000)
  to   space 512K, 0% used [0x00000007fba80000,0x00000007fba80000,0x00000007fbb00000)
 ParOldGen       total 43520K, used 18291K [0x00000007f0000000, 0x00000007f2a80000, 0x00000007faa80000)
  object space 43520K, 42% used [0x00000007f0000000,0x00000007f11dcc18,0x00000007f2a80000)
 PSPermGen       total 21504K, used 18950K [0x00000007eae00000, 0x00000007ec300000, 0x00000007f0000000)
  object space 21504K, 88% used [0x00000007eae00000,0x00000007ec081820,0x00000007ec300000)
Event: 2813.680 GC heap after
Heap after GC invocations=305 (full 0):
 PSYoungGen      total 16384K, used 64K [0x00000007faa80000, 0x00000007fbb80000, 0x0000000800000000)
  eden space 15872K, 0% used [0x00000007faa80000,0x00000007faa80000,0x00000007fba00000)
  from space 512K, 12% used [0x00000007fba80000,0x00000007fba90000,0x00000007fbb00000)
  to   space 512K, 0% used [0x00000007fbb00000,0x00000007fbb00000,0x00000007fbb80000)
 ParOldGen       total 43520K, used 18299K [0x00000007f0000000, 0x00000007f2a80000, 0x00000007faa80000)
  object space 43520K, 42% used [0x00000007f0000000,0x00000007f11dec18,0x00000007f2a80000)
 PSPermGen       total 21504K, used 18950K [0x00000007eae00000, 0x00000007ec300000, 0x00000007f0000000)
  object space 21504K, 88% used [0x00000007eae00000,0x00000007ec081820,0x00000007ec300000)
}
Event: 2813.912 GC heap before
{Heap before GC invocations=306 (full 0):
 PSYoungGen      total 16384K, used 15936K [0x00000007faa80000, 0x00000007fbb80000, 0x0000000800000000)
  eden space 15872K, 100% used [0x00000007faa80000,0x00000007fba00000,0x00000007fba00000)
  from space 512K, 12% used [0x00000007fba80000,0x00000007fba90000,0x00000007fbb00000)
  to   space 512K, 0% used [0x00000007fbb00000,0x00000007fbb00000,0x00000007fbb80000)
 ParOldGen       total 43520K, used 18299K [0x00000007f0000000, 0x00000007f2a80000, 0x00000007faa80000)
  object space 43520K, 42% used [0x00000007f0000000,0x00000007f11dec18,0x00000007f2a80000)
 PSPermGen       total 21504K, used 18950K [0x00000007eae00000, 0x00000007ec300000, 0x00000007f0000000)
  object space 21504K, 88% used [0x00000007eae00000,0x00000007ec081920,0x00000007ec300000)
Event: 2813.913 GC heap after
Heap after GC invocations=306 (full 0):
 PSYoungGen      total 16384K, used 96K [0x00000007faa80000, 0x00000007fbb80000, 0x0000000800000000)
  eden space 15872K, 0% used [0x00000007faa80000,0x00000007faa80000,0x00000007fba00000)
  from space 512K, 18% used [0x00000007fbb00000,0x00000007fbb18000,0x00000007fbb80000)
  to   space 512K, 0% used [0x00000007fba80000,0x00000007fba80000,0x00000007fbb00000)
 ParOldGen       total 43520K, used 18299K [0x00000007f0000000, 0x00000007f2a80000, 0x00000007faa80000)
  object space 43520K, 42% used [0x00000007f0000000,0x00000007f11dec18,0x00000007f2a80000)
 PSPermGen       total 21504K, used 18950K [0x00000007eae00000, 0x00000007ec300000, 0x00000007f0000000)
  object space 21504K, 88% used [0x00000007eae00000,0x00000007ec081920,0x00000007ec300000)
}
Event: 2814.111 GC heap before
{Heap before GC invocations=307 (full 0):
 PSYoungGen      total 16384K, used 15968K [0x00000007faa80000, 0x00000007fbb80000, 0x0000000800000000)
  eden space 15872K, 100% used [0x00000007faa80000,0x00000007fba00000,0x00000007fba00000)
  from space 512K, 18% used [0x00000007fbb00000,0x00000007fbb18000,0x00000007fbb80000)
  to   space 512K, 0% used [0x00000007fba80000,0x00000007fba80000,0x00000007fbb00000)
 ParOldGen       total 43520K, used 18299K [0x00000007f0000000, 0x00000007f2a80000, 0x00000007faa80000)
  object space 43520K, 42% used [0x00000007f0000000,0x00000007f11dec18,0x00000007f2a80000)
 PSPermGen       total 21504K, used 18950K [0x00000007eae00000, 0x00000007ec300000, 0x00000007f0000000)
  object space 21504K, 88% used [0x00000007eae00000,0x00000007ec081920,0x00000007ec300000)
Event: 2814.112 GC heap after
Heap after GC invocations=307 (full 0):
 PSYoungGen      total 16384K, used 64K [0x00000007faa80000, 0x00000007fbb80000, 0x0000000800000000)
  eden space 15872K, 0% used [0x00000007faa80000,0x00000007faa80000,0x00000007fba00000)
  from space 512K, 12% used [0x00000007fba80000,0x00000007fba90000,0x00000007fbb00000)
  to   space 512K, 0% used [0x00000007fbb00000,0x00000007fbb00000,0x00000007fbb80000)
 ParOldGen       total 43520K, used 18299K [0x00000007f0000000, 0x00000007f2a80000, 0x00000007faa80000)
  object space 43520K, 42% used [0x00000007f0000000,0x00000007f11dec18,0x00000007f2a80000)
 PSPermGen       total 21504K, used 18950K [0x00000007eae00000, 0x00000007ec300000, 0x00000007f0000000)
  object space 21504K, 88% used [0x00000007eae00000,0x00000007ec081920,0x00000007ec300000)
}
Event: 2814.315 GC heap before
{Heap before GC invocations=308 (full 0):
 PSYoungGen      total 16384K, used 15936K [0x00000007faa80000, 0x00000007fbb80000, 0x0000000800000000)
  eden space 15872K, 100% used [0x00000007faa80000,0x00000007fba00000,0x00000007fba00000)
  from space 512K, 12% used [0x00000007fba80000,0x00000007fba90000,0x00000007fbb00000)
  to   space 512K, 0% used [0x00000007fbb00000,0x00000007fbb00000,0x00000007fbb80000)
 ParOldGen       total 43520K, used 18299K [0x00000007f0000000, 0x00000007f2a80000, 0x00000007faa80000)
  object space 43520K, 42% used [0x00000007f0000000,0x00000007f11dec18,0x00000007f2a80000)
 PSPermGen       total 21504K, used 18950K [0x00000007eae00000, 0x00000007ec300000, 0x00000007f0000000)
  object space 21504K, 88% used [0x00000007eae00000,0x00000007ec081920,0x00000007ec300000)
Event: 2814.316 GC heap after
Heap after GC invocations=308 (full 0):
 PSYoungGen      total 16384K, used 64K [0x00000007faa80000, 0x00000007fbb80000, 0x0000000800000000)
  eden space 15872K, 0% used [0x00000007faa80000,0x00000007faa80000,0x00000007fba00000)
  from space 512K, 12% used [0x00000007fbb00000,0x00000007fbb10000,0x00000007fbb80000)
  to   space 512K, 0% used [0x00000007fba80000,0x00000007fba80000,0x00000007fbb00000)
 ParOldGen       total 43520K, used 18299K [0x00000007f0000000, 0x00000007f2a80000, 0x00000007faa80000)
  object space 43520K, 42% used [0x00000007f0000000,0x00000007f11dec18,0x00000007f2a80000)
 PSPermGen       total 21504K, used 18950K [0x00000007eae00000, 0x00000007ec300000, 0x00000007f0000000)
  object space 21504K, 88% used [0x00000007eae00000,0x00000007ec081920,0x00000007ec300000)
}

